2025-03-19 12:41:48 - /message
2025-03-19 12:41:50 - e
2025-03-19 12:41:57 - a
2025-03-25 12:09:34 - hej
2025-03-25 12:13:20 - hej
2025-03-26 13:40:07 - magnus  
2025-03-26 13:40:07 -         
2025-03-26 13:40:07 -         
2025-03-26 13:40:07 -       

2025-03-26 13:40:07 - magnus  
2025-03-26 13:40:07 -         
2025-03-26 13:40:07 -         
2025-03-26 13:40:07 -       

2025-03-26 13:40:08 - magnus  
2025-03-26 13:40:08 -         
2025-03-26 13:40:08 -  
magnu
2025-03-26 13:40:08 - s       
2025-03-26 13:40:08 -         
2025-03-26 13:40:08 -         
2025-03-26 13:40:08 -  
magnu
2025-03-26 13:40:08 - s       
2025-03-26 13:40:08 -         
2025-03-26 13:40:08 -         
2025-03-26 13:40:09 -  
magnu
2025-03-26 13:40:09 - s       
2025-03-26 13:40:09 -         
2025-03-26 13:40:09 -         
2025-03-26 13:40:09 -  
magnu
2025-03-26 13:40:09 - s       
2025-03-26 13:40:09 -         
2025-03-26 13:40:09 -         
2025-03-26 13:40:09 -  
magnu
2025-03-26 13:40:09 - s       
2025-03-26 13:40:10 -         
2025-03-26 13:40:10 -         
2025-03-26 13:40:10 -  
magnu
2025-03-26 13:40:10 - s       
2025-03-26 13:40:10 -         
2025-03-26 13:40:10 -         
2025-03-26 13:40:10 -  
magnu
2025-03-26 13:40:10 - s       
2025-03-26 13:40:10 -         
2025-03-26 13:40:11 -         
2025-03-26 13:40:11 -  
magnu
2025-03-26 13:40:11 - s       
2025-03-26 13:40:11 -         
2025-03-26 13:40:11 -         
2025-03-26 13:40:11 -  
magnu
2025-03-26 13:40:11 - s       
2025-03-26 13:40:11 -         
2025-03-26 13:40:11 -         
2025-03-26 13:40:11 -  
magnu
2025-03-26 13:40:12 - s       
2025-03-26 13:40:12 -         
2025-03-26 13:40:12 -         
2025-03-26 13:40:12 -  
magnu
2025-03-26 13:40:12 - s       
2025-03-26 13:40:12 -         
2025-03-26 13:40:12 -         
2025-03-26 13:40:12 -  
magnu
2025-03-26 13:40:12 - s       
2025-03-26 13:40:12 -         
2025-03-26 13:40:13 -         
2025-03-26 13:40:13 -  
magnu
2025-03-26 13:40:13 - s       
2025-03-26 13:40:13 -         
2025-03-26 13:40:13 -         
2025-03-26 13:40:13 -  
magnu
2025-03-26 13:40:13 - s       
2025-03-26 13:40:13 -         
2025-03-26 13:40:13 -         
2025-03-26 13:40:13 -  
magnu
2025-03-26 13:40:14 - s       
2025-03-26 13:40:14 -         
2025-03-26 13:40:14 -         
2025-03-26 13:40:14 -  
magnu
2025-03-26 13:40:14 - s       
2025-03-26 13:40:14 -         
2025-03-26 13:40:14 -         
2025-03-26 13:40:14 -  
magnu
2025-03-26 13:40:14 - s       
2025-03-26 13:40:14 -         
2025-03-26 13:40:15 -         
2025-03-26 13:40:15 -  
magnu
2025-03-26 13:40:15 - s       
2025-03-26 13:40:15 -         
2025-03-26 13:40:15 -         
2025-03-26 13:40:15 -  
magnu
2025-03-26 13:40:15 - s       
2025-03-26 13:40:15 -         
2025-03-26 13:40:15 -         
2025-03-26 13:40:15 -  
magnu
2025-03-26 13:40:16 - s       
2025-03-26 13:40:16 -         
2025-03-26 13:40:16 -         
2025-03-26 13:40:16 -  
magnu
2025-03-26 13:40:16 - s       
2025-03-26 13:40:16 -         
2025-03-26 13:40:16 -         
2025-03-26 13:40:16 -  
magnu
2025-03-26 13:40:16 - s       
2025-03-26 13:40:17 -         
2025-03-26 13:40:17 -         
2025-03-26 13:40:17 -  
magnu
2025-03-26 13:40:17 - s       
2025-03-26 13:40:17 -         
2025-03-26 13:40:17 -         
2025-03-26 13:40:17 -  
magnu
2025-03-26 13:40:17 - s       
2025-03-26 13:40:17 -         
2025-03-26 13:40:17 -         
2025-03-26 13:40:18 -  
magnu
2025-03-26 13:40:18 - s       
2025-03-26 13:40:18 -         
2025-03-26 13:40:18 -         
2025-03-26 13:40:18 -  

2025-03-26 13:40:18 - magnus  
2025-03-26 13:40:18 -         
2025-03-26 13:40:18 -         
2025-03-26 13:40:18 -       

2025-03-26 13:40:19 - m
2025-03-26 13:40:19 - agnus   
2025-03-26 13:40:19 -         
2025-03-26 13:40:19 -         
2025-03-26 13:40:19 -      

2025-03-26 13:40:20 - m
2025-03-26 13:40:20 - agnus   
2025-03-26 13:40:20 -         
2025-03-26 13:40:20 -         
2025-03-26 13:40:20 -      

2025-03-26 13:40:21 - m
2025-03-26 13:40:21 - agnus   
2025-03-26 13:40:21 -         
2025-03-26 13:40:21 -         
2025-03-26 13:40:22 -      

2025-03-26 13:40:22 - m
2025-03-26 13:40:22 - agnus   
2025-03-26 13:40:22 -         
2025-03-26 13:40:22 -         
2025-03-26 13:40:23 -      

2025-03-26 13:40:23 - m
2025-03-26 13:40:23 - agnus   
2025-03-26 13:40:23 -         
2025-03-26 13:40:23 -         
2025-03-26 13:40:24 -      

2025-03-26 13:40:24 - m
2025-03-26 13:40:24 - agnus   
2025-03-26 13:40:24 -         
2025-03-26 13:40:25 -         
2025-03-26 13:40:25 -      

2025-03-26 13:40:25 - m
2025-03-26 13:40:25 - agnus   
2025-03-26 13:40:25 -         
2025-03-26 13:40:26 -         
2025-03-26 13:40:26 -      

2025-03-26 13:40:26 - m
2025-03-26 13:40:26 - agnus   
2025-03-26 13:40:27 -         
2025-03-26 13:40:27 -         
2025-03-26 13:40:27 -      

2025-03-26 13:40:27 - m
2025-03-26 13:40:27 - agnus   
2025-03-26 13:40:28 -         
2025-03-26 13:40:28 -         
2025-03-26 13:40:28 -      

2025-03-26 13:40:28 - m
2025-03-26 13:40:29 - agnus   
2025-03-26 13:40:29 -         
2025-03-26 13:40:29 -         
2025-03-26 13:40:29 -      

2025-03-26 13:40:29 - m
2025-03-26 13:40:30 - agnus   
2025-03-26 13:40:30 -         
2025-03-26 13:40:30 -         
2025-03-26 13:40:30 -      

2025-03-26 13:40:30 - m
2025-03-26 13:40:31 - agnus   
2025-03-26 13:40:31 -         
2025-03-26 13:40:31 -         
2025-03-26 13:40:31 -      

2025-03-26 13:40:32 - m
2025-03-26 13:40:32 - agnus   
2025-03-26 13:40:32 -         
2025-03-26 13:40:32 -         
2025-03-26 13:40:32 -      

2025-03-26 13:40:33 - m
2025-03-26 13:40:33 - agnus   
2025-03-26 13:40:33 -         
2025-03-26 13:40:33 -         
2025-03-26 13:40:33 -      

2025-03-26 13:40:34 - m
2025-03-26 13:40:34 - agnus   
2025-03-26 13:40:34 -         
2025-03-26 13:40:34 -         
2025-03-26 13:40:34 -      

2025-03-26 13:40:35 - m
2025-03-26 13:40:35 - agnus   
2025-03-26 13:40:35 -         
2025-03-26 13:40:35 -         
2025-03-26 13:40:35 -      

2025-03-26 13:40:36 - m
2025-03-26 13:40:36 - agnus   
2025-03-26 13:40:36 -         
2025-03-26 13:40:36 -         
2025-03-26 13:40:36 -      

2025-03-26 13:40:37 - m
2025-03-26 13:40:37 - agnus   
2025-03-26 13:40:37 -         
2025-03-26 13:40:37 -         
2025-03-26 13:40:37 -      

2025-03-26 13:40:38 - m
2025-03-26 13:40:38 - agnus   
2025-03-26 13:40:38 -         
2025-03-26 13:40:38 -         
2025-03-26 13:40:38 -      

2025-03-26 13:40:39 - m
2025-03-26 13:40:39 - agnus   
2025-03-26 13:40:39 -         
2025-03-26 13:40:39 -         
2025-03-26 13:40:39 -      

2025-03-26 13:40:40 - m
2025-03-26 13:40:40 - agnus   
2025-03-26 13:40:40 -         
2025-03-26 13:40:40 -         
2025-03-26 13:40:40 -      

2025-03-26 13:40:41 - m
2025-03-26 13:40:41 - agnus   
2025-03-26 13:40:41 -         
2025-03-26 13:40:41 -         
2025-03-26 13:40:41 -      

2025-03-26 13:40:42 - m
2025-03-26 13:40:42 - agnus   
2025-03-26 13:40:42 -         
2025-03-26 13:40:42 -         
2025-03-26 13:40:42 -      

2025-03-26 13:40:43 - m
2025-03-26 13:40:43 - agnus   
2025-03-26 13:40:43 -         
2025-03-26 13:40:43 -         
2025-03-26 13:40:43 -      

2025-03-26 13:40:44 - m
2025-03-26 13:40:44 - agnus   
2025-03-26 13:40:44 -         
2025-03-26 13:40:44 -         
2025-03-26 13:40:44 -      

2025-03-26 13:40:45 - m
2025-03-26 13:40:45 - agnus   
2025-03-26 13:40:45 -         
2025-03-26 13:40:45 -         
2025-03-26 13:40:45 -      

2025-03-26 13:40:46 - m
2025-03-26 13:40:46 - agnus   
2025-03-26 13:40:46 -         
2025-03-26 13:40:46 -         
2025-03-26 13:40:46 -      

2025-03-26 13:40:47 - m
2025-03-26 13:40:47 - agnus   
2025-03-26 13:40:47 -         
2025-03-26 13:40:47 -         
2025-03-26 13:40:47 -      

2025-03-26 13:40:48 - m
2025-03-26 13:40:48 - agnus   
2025-03-26 13:40:48 -         
2025-03-26 13:40:48 -         
2025-03-26 13:40:48 -      

2025-03-26 13:40:49 - m
2025-03-26 13:40:49 - agnus   
2025-03-26 13:40:49 -         
2025-03-26 13:40:49 -         
2025-03-26 13:40:50 -      

2025-03-26 13:40:50 - m
2025-03-26 13:40:50 - agnus   
2025-03-26 13:40:50 -         
2025-03-26 13:40:50 -         
2025-03-26 13:40:51 -      

2025-03-26 13:40:51 - m
2025-03-26 13:40:51 - agnus   
2025-03-26 13:40:51 -         
2025-03-26 13:40:51 -         
2025-03-26 13:40:52 -      

2025-03-26 13:40:52 - m
2025-03-26 13:40:52 - agnus   
2025-03-26 13:40:52 -         
2025-03-26 13:40:53 -         
2025-03-26 13:40:53 -      

2025-03-26 13:40:53 - m
2025-03-26 13:40:53 - agnus   
2025-03-26 13:40:53 -         
2025-03-26 13:40:54 -         
2025-03-26 13:40:54 -      

2025-03-26 13:40:54 - m
2025-03-26 13:40:54 - agnus   
2025-03-26 13:40:54 -         
2025-03-26 13:40:55 -         
2025-03-26 13:40:55 -      

2025-03-26 13:40:55 - m
2025-03-26 13:40:55 - agnus   
2025-03-26 13:40:56 -         
2025-03-26 13:40:56 -         
2025-03-26 13:40:56 -      

2025-03-26 13:40:56 - m
2025-03-26 13:40:56 - agnus   
2025-03-26 13:40:57 -         
2025-03-26 13:40:57 -         
2025-03-26 13:40:57 -      

2025-03-26 13:40:57 - m
2025-03-26 13:40:57 - agnus   
2025-03-26 13:40:58 -         
2025-03-26 13:40:58 -         
2025-03-26 13:40:58 -      

2025-03-26 13:40:58 - m
2025-03-26 13:40:59 - agnus   
2025-03-26 13:40:59 -         
2025-03-26 13:40:59 -         
2025-03-26 13:40:59 -      

2025-03-26 13:40:59 - m
2025-03-26 13:41:00 - agnus   
2025-03-26 13:41:00 -         
2025-03-26 13:41:00 -         
2025-03-26 13:41:00 -      

2025-03-26 13:41:01 - m
2025-03-26 13:41:01 - agnus   
2025-03-26 13:41:01 -         
2025-03-26 13:41:01 -         
2025-03-26 13:41:01 -      

2025-03-26 13:41:02 - m
2025-03-26 13:41:02 - agnus   
2025-03-26 13:41:02 -         
2025-03-26 13:41:02 -         
2025-03-26 13:41:02 -      

2025-03-26 13:41:03 - m
2025-03-26 13:41:03 - agnus   
2025-03-26 13:41:03 -         
2025-03-26 13:41:03 -         
2025-03-26 13:41:03 -      

2025-03-26 13:41:04 - m
2025-03-26 13:41:04 - agnus   
2025-03-26 13:41:04 -         
2025-03-26 13:41:04 -         
2025-03-26 13:41:04 -      

2025-03-26 13:41:05 - m
2025-03-26 13:41:05 - agnus   
2025-03-26 13:41:05 -         
2025-03-26 13:41:05 -         
2025-03-26 13:41:05 -      

2025-03-26 13:41:06 - m
2025-03-26 13:41:06 - agnus   
2025-03-26 13:41:06 -         
2025-03-26 13:41:06 -         
2025-03-26 13:41:06 -      

2025-03-26 13:41:07 - m
2025-03-26 13:41:07 - agnus   
2025-03-26 13:41:07 -         
2025-03-26 13:41:07 -         
2025-03-26 13:41:07 -      

2025-03-26 13:41:08 - m
2025-03-26 13:41:08 - agnus   
2025-03-26 13:41:08 -         
2025-03-26 13:41:08 -         
2025-03-26 13:41:08 -      

2025-03-26 13:41:09 - m
2025-03-26 13:41:09 - agnus   
2025-03-26 13:41:09 -         
2025-03-26 13:41:09 -         
2025-03-26 13:41:09 -      

2025-03-26 13:41:10 - m
2025-03-26 13:41:10 - agnus   
2025-03-26 13:41:10 -         
2025-03-26 13:41:10 -         
2025-03-26 13:41:10 -      

2025-03-26 13:41:11 - m
2025-03-26 13:41:11 - agnus   
2025-03-26 13:41:11 -         
2025-03-26 13:41:11 -         
2025-03-26 13:41:11 -      

2025-03-26 13:41:12 - m
2025-03-26 13:41:12 - agnus   
2025-03-26 13:41:12 -         
2025-03-26 13:41:12 -         
2025-03-26 13:41:12 -      

2025-03-26 13:41:13 - m
2025-03-26 13:41:13 - agnus   
2025-03-26 13:41:13 -         
2025-03-26 13:41:13 -         
2025-03-26 13:41:13 -      

2025-03-26 13:41:14 - m
2025-03-26 13:41:14 - agnus   
2025-03-26 13:41:14 -         
2025-03-26 13:41:14 -         
2025-03-26 13:41:14 -      

2025-03-26 13:41:15 - m
2025-03-26 13:41:15 - agnus   
2025-03-26 13:41:15 -         
2025-03-26 13:41:15 -         
2025-03-26 13:41:15 -      

2025-03-26 13:41:16 - m
2025-03-26 13:41:16 - agnus   
2025-03-26 13:41:16 -         
2025-03-26 13:41:16 -         
2025-03-26 13:41:16 -      

2025-03-26 13:41:17 - m
2025-03-26 13:41:17 - agnus   
2025-03-26 13:41:17 -         
2025-03-26 13:41:17 -         
2025-03-26 13:41:18 -      

2025-03-26 13:41:18 - m
2025-03-26 13:41:18 - agnus   
2025-03-26 13:41:18 -         
2025-03-26 13:41:18 -         
2025-03-26 13:41:19 -      

2025-03-26 13:41:19 - m
2025-03-26 13:41:19 - agnus   
2025-03-26 13:41:19 -         
2025-03-26 13:41:20 -         
2025-03-26 13:41:20 -      

2025-03-26 13:41:20 - m
2025-03-26 13:41:20 - agnus   
2025-03-26 13:41:20 -         
2025-03-26 13:41:21 -         
2025-03-26 13:41:21 -      

2025-03-26 13:41:21 - m
2025-03-26 13:41:21 - agnus   
2025-03-26 13:41:21 -         
2025-03-26 13:41:22 -         
2025-03-26 13:41:22 -      

2025-03-26 13:41:22 - m
2025-03-26 13:41:22 - agnus   
2025-03-26 13:41:23 -         
2025-03-26 13:41:23 -         
2025-03-26 13:41:23 -      

2025-03-26 13:41:23 - m
2025-03-26 13:41:23 - agnus   
2025-03-26 13:41:24 -         
2025-03-26 13:41:24 -         
2025-03-26 13:41:24 -      

2025-03-26 13:41:24 - m
2025-03-26 13:41:24 - agnus   
2025-03-26 13:41:25 -         
2025-03-26 13:41:25 -         
2025-03-26 13:41:25 -      

2025-03-26 13:41:25 - m
2025-03-26 13:41:26 - agnus   
2025-03-26 13:41:26 -         
2025-03-26 13:41:26 -         
2025-03-26 13:41:26 -      

2025-03-26 13:41:26 - m
2025-03-26 13:41:27 - agnus   
2025-03-26 13:41:27 -         
2025-03-26 13:41:27 -         
2025-03-26 13:41:27 -      

2025-03-26 13:41:27 - m
2025-03-26 13:41:28 - agnus   
2025-03-26 13:41:28 -         
2025-03-26 13:41:28 -         
2025-03-26 13:41:28 -      

2025-03-26 13:41:29 - m
2025-03-26 13:41:29 - agnus   
2025-03-26 13:41:29 -         
2025-03-26 13:41:29 -         
2025-03-26 13:41:29 -      

2025-03-26 13:41:30 - m
2025-03-26 13:41:30 - agnus   
2025-03-26 13:41:30 -         
2025-03-26 13:41:30 -         
2025-03-26 13:41:30 -      

2025-03-26 13:41:31 - m
2025-03-26 13:41:31 - agnus   
2025-03-26 13:41:31 -         
2025-03-26 13:41:31 -         
2025-03-26 13:41:31 -      

2025-03-26 13:41:32 - m
2025-03-26 13:41:32 - agnus   
2025-03-26 13:41:32 -         
2025-03-26 13:41:32 -         
2025-03-26 13:41:32 -      

2025-03-26 13:41:33 - m
2025-03-26 13:41:33 - agnus   
2025-03-26 13:41:33 -         
2025-03-26 13:41:33 -         
2025-03-26 13:41:33 -      

2025-03-26 13:41:34 - m
2025-03-26 13:41:34 - agnus   
2025-03-26 13:41:34 -         
2025-03-26 13:41:34 -         
2025-03-26 13:41:34 -      

2025-03-26 13:41:35 - m
2025-03-26 13:41:35 - agnus   
2025-03-26 13:41:35 -         
2025-03-26 13:41:35 -         
2025-03-26 13:41:35 -      

2025-03-26 13:41:36 - m
2025-03-26 13:41:36 - agnus   
2025-03-26 13:41:36 -         
2025-03-26 13:41:36 -         
2025-03-26 13:41:36 -      

2025-03-26 13:41:37 - m
2025-03-26 13:41:37 - agnus   
2025-03-26 13:41:37 -         
2025-03-26 13:41:37 -         
2025-03-26 13:41:37 -      

2025-03-26 13:41:38 - m
2025-03-26 13:41:38 - agnus   
2025-03-26 13:41:38 -         
2025-03-26 13:41:38 -         
2025-03-26 13:41:38 -      

2025-03-26 13:41:39 - m
2025-03-26 13:41:39 - agnus   
2025-03-26 13:41:39 -         
2025-03-26 13:41:39 -         
2025-03-26 13:41:39 -      

2025-03-26 13:41:40 - m
2025-03-26 13:41:40 - agnus   
2025-03-26 13:41:40 -         
2025-03-26 13:41:40 -         
2025-03-26 13:41:40 -      

2025-03-26 13:41:41 - m
2025-03-26 13:41:41 - agnus   
2025-03-26 13:41:41 -         
2025-03-26 13:41:41 -         
2025-03-26 13:41:41 -      

2025-03-26 13:41:42 - m
2025-03-26 13:41:42 - agnus   
2025-03-26 13:41:42 -         
2025-03-26 13:41:42 -         
2025-03-26 13:41:42 -      

2025-03-26 13:41:43 - m
2025-03-26 13:41:43 - agnus   
2025-03-26 13:41:43 -         
2025-03-26 13:41:43 -         
2025-03-26 13:41:43 -      

2025-03-26 13:41:44 - m
2025-03-26 13:41:44 - agnus   
2025-03-26 13:41:44 -         
2025-03-26 13:41:44 -         
2025-03-26 13:41:45 -      

2025-03-26 13:41:45 - m
2025-03-26 13:41:45 - agnus   
2025-03-26 13:41:45 -         
2025-03-26 13:41:45 -         
2025-03-26 13:41:46 -      

2025-03-26 13:41:46 - m
2025-03-26 13:41:46 - agnus   
2025-03-26 13:41:46 -         
2025-03-26 13:41:46 -         
2025-03-26 13:41:47 -      

2025-03-26 13:41:47 - m
2025-03-26 13:41:47 - agnus   
2025-03-26 13:41:47 -         
2025-03-26 13:41:48 -         
2025-03-26 13:41:48 -      

2025-03-26 13:41:51 - magnus  
2025-03-26 13:41:53 -         
2025-03-26 13:41:55 -         
2025-03-26 13:41:57 -       

2025-03-26 13:41:59 - magnus  
2025-03-26 13:42:01 -         
2025-03-26 13:42:01 - n
2025-03-26 13:42:03 -         
2025-03-26 13:42:05 -       

2025-03-26 13:42:07 - magnus  
2025-03-26 13:42:09 -         
2025-03-26 13:42:11 -         
2025-03-26 13:42:13 -       

2025-03-26 13:42:15 - magnus  
2025-03-26 13:42:17 -         
2025-03-26 13:42:19 -         
2025-03-26 13:42:21 -       

